New log file opened at Sat Dec 26 18:19:29 JST 2015 by 71751@MacBookKuwa.local
Taking next connection to: 50855
New client attempting to connect on port: 50856-50855
  Address = /192.168.100.20:50855
This client on port 50856 has uuid 5f4abeb6-01e5-4ed6-a46d-cef5e06f60b0 configName play-fork-run humanReadableName Play Fork Run protocolVersion 1 featureTags Vector()
Connected Clients: play-fork-run-5f4abeb6-01e5-4ed6-a46d-cef5e06f60b0
Taking next connection to: 50855
Checking to see if clients are empty...
We have 1 non-daemon clients, continuing serving connections.
Taking next connection to: 50855
Checking to see if clients are empty...
We have 1 non-daemon clients, continuing serving connections.
Taking next connection to: 50855
New client attempting to connect on port: 50911-50855
  Address = /192.168.100.20:50855
Handshake exception on socket: 50911
sbt.impl.ipc.HandshakeException: Unable to perform handshake
	at sbt.impl.ipc.Peer.handshake(IPC.scala:46)
	at sbt.impl.ipc.MultiClientServer.<init>(IPC.scala:150)
	at sbt.server.SbtServerSocketHandler$$anon$1.run(SbtServerSocketHandler.scala:43)
Caused by: java.io.EOFException
	at java.io.DataInputStream.readInt(DataInputStream.java:392)
	at sbt.impl.ipc.Peer.receive(IPC.scala:95)
	at sbt.impl.ipc.Peer.handshake(IPC.scala:49)
	... 2 more
Taking next connection to: 50855
New client attempting to connect on port: 50912-50855
  Address = /192.168.100.20:50855
This client on port 50912 has uuid 0bdf35a1-abf9-4eb4-a4e8-c19a9309abfe configName play-fork-run humanReadableName Play Fork Run protocolVersion 1 featureTags Vector()
Connected Clients: play-fork-run-0bdf35a1-abf9-4eb4-a4e8-c19a9309abfe
Taking next connection to: 50855
